<?xml version="1.0" encoding="UTF-8"?>
<testsuite xmlns:xsi="http://www.w3.org/2001/XMLSchema-instance" xsi:schemaLocation="https://maven.apache.org/surefire/maven-surefire-plugin/xsd/surefire-test-report.xsd" name="TestRunner" time="57.083" tests="91" errors="0" skipped="0" failures="0">
  <properties>
[...]
</properties>
  <testcase name="Given Registration page is open" classname="| random | random | Qwerty!123 | Qwerty!123 |" time="0.001"/>
  <testcase name="Given Registration page is open" classname="| random | random | Qwerty!123 | Qwerty!123 |" time="0"/>
  <testcase name="Given Registration page is open" classname="| random | random | Qwerty!123 | Qwerty!123 |" time="0"/>
  <testcase name="Given Registration page is open" classname="| random | random | Qwerty!123 | Qwerty!123 |" time="0.001"/>
  <testcase name="Given Registration page is open" classname="| random | random | Qwerty!123 | Qwerty!123 |" time="0"/>
  <testcase name="Given Registration page is open" classname="| random | random | Qwerty!123 | Qwerty!123 |" time="0"/>
  <testcase name="When I enter valid login &quot;random&quot;" classname="| random | random | Qwerty!123 | Qwerty!123 |" time="0"/>
  <testcase name="When I enter valid login &quot;random&quot;" classname="| random | random | Qwerty!123 | Qwerty!123 |" time="0"/>
  <testcase name="When I enter valid login &quot;random&quot;" classname="| random | random | Qwerty!123 | Qwerty!123 |" time="0"/>
  <testcase name="When I enter valid login &quot;random&quot;" classname="| random | random | Qwerty!123 | Qwerty!123 |" time="0"/>
  <testcase name="And I enter valid password &quot;Qwerty!123&quot;" classname="| random | random | Qwerty!123 | Qwerty!123 |" time="0"/>
  <testcase name="And I enter valid password &quot;Qwerty!123&quot;" classname="| random | random | Qwerty!123 | Qwerty!123 |" time="0"/>
  <testcase name="And I enter valid password &quot;Qwerty!123&quot;" classname="| random | random | Qwerty!123 | Qwerty!123 |" time="0"/>
  <testcase name="And I enter valid password &quot;Qwerty!123&quot;" classname="| random | random | Qwerty!123 | Qwerty!123 |" time="0"/>
  <testcase name="And I enter valid password &quot;Qwerty!123&quot;" classname="| random | random | Qwerty!123 | Qwerty!123 |" time="0"/>
  <testcase name="And I enter valid password &quot;Qwerty!123&quot;" classname="| random | random | Qwerty!123 | Qwerty!123 |" time="0"/>
  <testcase name="And I enter valid confirm password &quot;Qwerty!123&quot;" classname="| random | random | Qwerty!123 | Qwerty!123 |" time="0.001"/>
  <testcase name="And I enter valid confirm password &quot;Qwerty!123&quot;" classname="| random | random | Qwerty!123 | Qwerty!123 |" time="0"/>
  <testcase name="And I enter valid confirm password &quot;Qwerty!123&quot;" classname="| random | random | Qwerty!123 | Qwerty!123 |" time="0.001"/>
  <testcase name="And I enter valid confirm password &quot;Qwerty!123&quot;" classname="| random | random | Qwerty!123 | Qwerty!123 |" time="0"/>
  <testcase name="And I enter valid confirm password &quot;Qwerty!123&quot;" classname="| random | random | Qwerty!123 | Qwerty!123 |" time="0"/>
  <testcase name="And I enter valid confirm password &quot;Qwerty!123&quot;" classname="| random | random | Qwerty!123 | Qwerty!123 |" time="0"/>
  <testcase name="And I enter valid email &quot;random&quot;" classname="| random | random | Qwerty!123 | Qwerty!123 |" time="0"/>
  <testcase name="And I enter valid email &quot;random&quot;" classname="| random | random | Qwerty!123 | Qwerty!123 |" time="0"/>
  <testcase name="And I enter valid email &quot;random&quot;" classname="| random | random | Qwerty!123 | Qwerty!123 |" time="0"/>
  <testcase name="And I enter valid email &quot;random&quot;" classname="| random | random | Qwerty!123 | Qwerty!123 |" time="0"/>
  <testcase name="And I press submit button" classname="| random | random | Qwerty!123 | Qwerty!123 |" time="0"/>
  <testcase name="And I press submit button" classname="| random | random | Qwerty!123 | Qwerty!123 |" time="0"/>
  <testcase name="And I press submit button" classname="| random | random | Qwerty!123 | Qwerty!123 |" time="0"/>
  <testcase name="And I press submit button" classname="| random | random | Qwerty!123 | Qwerty!123 |" time="0"/>
  <testcase name="And I press submit button" classname="| random | random | Qwerty!123 | Qwerty!123 |" time="0"/>
  <testcase name="And I press submit button" classname="| random | random | Qwerty!123 | Qwerty!123 |" time="0"/>
  <testcase name="And I enter valid auth email" classname="| random | random | Qwerty!123 | Qwerty!123 |" time="0"/>
  <testcase name="And I enter valid auth password" classname="| random | random | Qwerty!123 | Qwerty!123 |" time="0"/>
  <testcase name="And I press submit sign in button" classname="| random | random | Qwerty!123 | Qwerty!123 |" time="0"/>
  <testcase name="And I press alert button" classname="| random | random | Qwerty!123 | Qwerty!123 |" time="0"/>
  <testcase name="| random | random | Qwerty!123 | Qwerty!123 |" classname="| random | random | Qwerty!123 | Qwerty!123 |" time="0.087"/>
  <testcase name="| random | random | Qwerty!123 | Qwerty!123 |" classname="| random | random | Qwerty!123 | Qwerty!123 |" time="0.081"/>
  <testcase name="| random | random | Qwerty!123 | Qwerty!123 |" classname="| random | random | Qwerty!123 | Qwerty!123 |" time="0.078"/>
  <testcase name="| random | random | Qwerty!123 | Qwerty!123 |" classname="| random | random | Qwerty!123 | Qwerty!123 |" time="0.077"/>
  <testcase name="| random | random | Qwerty!123 | Qwerty!123 |" classname="| random | random | Qwerty!123 | Qwerty!123 |" time="0.08"/>
  <testcase name="| random | random | Qwerty!123 | Qwerty!123 |" classname="| random | random | Qwerty!123 | Qwerty!123 |" time="0.083"/>
  <testcase name="Then I enter the main platform page" classname="| random | random | Qwerty!123 | Qwerty!123 |" time="0"/>
  <testcase name="When I enter invalid min login &quot;random&quot;" classname="| random | random | Qwerty!123 | Qwerty!123 |" time="0"/>
  <testcase name="Then I stay on the same page" classname="| random | random | Qwerty!123 | Qwerty!123 |" time="0"/>
  <testcase name="Then I stay on the same page" classname="| random | random | Qwerty!123 | Qwerty!123 |" time="0"/>
  <testcase name="Then I stay on the same page" classname="| random | random | Qwerty!123 | Qwerty!123 |" time="0"/>
  <testcase name="Then I stay on the same page" classname="| random | random | Qwerty!123 | Qwerty!123 |" time="0"/>
  <testcase name="When I enter invalid max login &quot;random&quot;" classname="| random | random | Qwerty!123 | Qwerty!123 |" time="0"/>
  <testcase name="Given Registration page is open" classname="|  |  |  |  |" time="0"/>
  <testcase name="When I enter empty login &quot;&quot;" classname="|  |  |  |  |" time="0"/>
  <testcase name="And I enter password &quot;&quot;" classname="|  |  |  |  |" time="0"/>
  <testcase name="And I enter confirm password &quot;&quot;" classname="|  |  |  |  |" time="0"/>
  <testcase name="And I enter email &quot;&quot;" classname="|  |  |  |  |" time="0"/>
  <testcase name="And I press submit button" classname="|  |  |  |  |" time="0"/>
  <testcase name="Then I stay on the same page" classname="|  |  |  |  |" time="0"/>
  <testcase name="|  |  |  |  |" classname="|  |  |  |  |" time="0.083"/>
  <testcase name="Given Registration page is open" classname="|  | random | Qwerty!123 | Qwerty!123 |" time="0"/>
  <testcase name="When I enter empty login &quot;&quot;" classname="|  | random | Qwerty!123 | Qwerty!123 |" time="0"/>
  <testcase name="And I enter password &quot;Qwerty!123&quot;" classname="|  | random | Qwerty!123 | Qwerty!123 |" time="0"/>
  <testcase name="And I enter confirm password &quot;Qwerty!123&quot;" classname="|  | random | Qwerty!123 | Qwerty!123 |" time="0"/>
  <testcase name="And I enter email &quot;random&quot;" classname="|  | random | Qwerty!123 | Qwerty!123 |" time="0"/>
  <testcase name="And I press submit button" classname="|  | random | Qwerty!123 | Qwerty!123 |" time="0"/>
  <testcase name="Then I stay on the same page" classname="|  | random | Qwerty!123 | Qwerty!123 |" time="0"/>
  <testcase name="|  | random | Qwerty!123 | Qwerty!123 |" classname="|  | random | Qwerty!123 | Qwerty!123 |" time="0.09"/>
  <testcase name="Given Registration page is open" classname="| random |  | Qwerty!123 | Qwerty!123 |" time="0"/>
  <testcase name="When I enter empty login &quot;random&quot;" classname="| random |  | Qwerty!123 | Qwerty!123 |" time="0"/>
  <testcase name="And I enter password &quot;Qwerty!123&quot;" classname="| random |  | Qwerty!123 | Qwerty!123 |" time="0"/>
  <testcase name="And I enter confirm password &quot;Qwerty!123&quot;" classname="| random |  | Qwerty!123 | Qwerty!123 |" time="0"/>
  <testcase name="And I enter email &quot;&quot;" classname="| random |  | Qwerty!123 | Qwerty!123 |" time="0"/>
  <testcase name="And I press submit button" classname="| random |  | Qwerty!123 | Qwerty!123 |" time="0"/>
  <testcase name="Then I stay on the same page" classname="| random |  | Qwerty!123 | Qwerty!123 |" time="0"/>
  <testcase name="| random |  | Qwerty!123 | Qwerty!123 |" classname="| random |  | Qwerty!123 | Qwerty!123 |" time="0.081"/>
  <testcase name="Given Registration page is open" classname="| random | random |  | Qwerty!123 |" time="0"/>
  <testcase name="When I enter empty login &quot;random&quot;" classname="| random | random |  | Qwerty!123 |" time="0"/>
  <testcase name="And I enter password &quot;&quot;" classname="| random | random |  | Qwerty!123 |" time="0"/>
  <testcase name="And I enter confirm password &quot;Qwerty!123&quot;" classname="| random | random |  | Qwerty!123 |" time="0"/>
  <testcase name="And I enter email &quot;random&quot;" classname="| random | random |  | Qwerty!123 |" time="0"/>
  <testcase name="And I press submit button" classname="| random | random |  | Qwerty!123 |" time="0"/>
  <testcase name="Then I stay on the same page" classname="| random | random |  | Qwerty!123 |" time="0"/>
  <testcase name="| random | random |  | Qwerty!123 |" classname="| random | random |  | Qwerty!123 |" time="0.086"/>
  <testcase name="Given Registration page is open" classname="| random | random | Qwerty!123 |  |" time="0"/>
  <testcase name="When I enter empty login &quot;random&quot;" classname="| random | random | Qwerty!123 |  |" time="0"/>
  <testcase name="And I enter password &quot;Qwerty!123&quot;" classname="| random | random | Qwerty!123 |  |" time="0"/>
  <testcase name="And I enter confirm password &quot;&quot;" classname="| random | random | Qwerty!123 |  |" time="0"/>
  <testcase name="And I enter email &quot;random&quot;" classname="| random | random | Qwerty!123 |  |" time="0"/>
  <testcase name="And I press submit button" classname="| random | random | Qwerty!123 |  |" time="0"/>
  <testcase name="Then I stay on the same page" classname="| random | random | Qwerty!123 |  |" time="0"/>
  <testcase name="| random | random | Qwerty!123 |  |" classname="| random | random | Qwerty!123 |  |" time="0.085"/>
  <testcase name="And I enter invalid min email &quot;random&quot;" classname="| random | random | Qwerty!123 | Qwerty!123 |" time="0"/>
  <testcase name="And I enter invalid max email &quot;random&quot;" classname="| random | random | Qwerty!123 | Qwerty!123 |" time="0"/>
</testsuite>